
Gurobi 9.0.3 (linux64, Python) logging started Wed Oct 21 08:52:28 2020

Using license file /nethome/zwang429/gurobi.lic
Set parameter LogFile to value ./r5t20_001v9/00374.log
Academic license - for non-commercial use only
Changed value of parameter threads to 14
   Prev: 0  Min: 0  Max: 1024  Default: 0
Changed value of parameter TimeLimit to 900.0
   Prev: inf  Min: 0.0  Max: inf  Default: inf
Gurobi Optimizer version 9.0.3 build v9.0.3rc0 (linux64)
Optimize a model with 97 rows, 1073 columns and 242 nonzeros
Model fingerprint: 0xc3fd0dc0
Model has 1717 general constraints
Variable types: 36 continuous, 1037 integer (1037 binary)
Coefficient statistics:
  Matrix range     [1e+00, 1e+00]
  Objective range  [1e+00, 1e+00]
  Bounds range     [1e+00, 1e+00]
  RHS range        [1e+00, 2e+02]
Presolve added 3222 rows and 107 columns
Presolve time: 0.03s
Presolved: 3319 rows, 1180 columns, 7731 nonzeros
Presolved model has 85 SOS constraint(s)
Variable types: 120 continuous, 1060 integer (979 binary)
Found heuristic solution: objective 92.0000000

Root relaxation: objective 0.000000e+00, 178 iterations, 0.00 seconds

    Nodes    |    Current Node    |     Objective Bounds      |     Work
 Expl Unexpl |  Obj  Depth IntInf | Incumbent    BestBd   Gap | It/Node Time

     0     0    0.00000    0   17   92.00000    0.00000   100%     -    0s
     0     0    0.00000    0   17   92.00000    0.00000   100%     -    0s
     0     2    0.00000    0   17   92.00000    0.00000   100%     -    0s
H   73   100                      91.0000000    0.00000   100%   9.7    0s
H  370   450                      90.0000000    9.00000  90.0%   9.8    0s
H  376   450                      81.0000000    9.00000  88.9%   9.8    0s
H  424   450                      72.0000000    9.00000  87.5%  10.0    0s
H 1163  1118                      58.0000000    9.00000  84.5%   7.8    0s
H 1201  1105                      51.0000000    9.00000  82.4%   7.6    0s
H 1202  1099                      47.0000000    9.00000  80.9%   7.6    0s
* 1946  1908             133      46.0000000    9.00000  80.4%   6.1    0s
* 2142  2160             134      45.0000000    9.00000  80.0%   6.0    0s
H 3162  2602                      42.9999900   12.00000  72.1%   6.8    1s
H 3364  2568                      40.0000000   12.00000  70.0%   6.9    1s
H 3370  2452                      39.0000000   12.00000  69.2%   6.9    1s
H17544  8956                      38.0000000   23.00000  39.5%   4.9    2s
H17553  8014                      36.0000000   23.00000  36.1%   4.9    2s
H17567  7723                      35.0000000   23.00000  34.3%   4.9    2s
 59990 32227   23.00000   58   88   35.00000   23.00000  34.3%   4.4    5s
 141039 73379   23.58824   62   59   35.00000   23.00000  34.3%   4.2   10s
H169140 85770                      35.0000000   23.00000  34.3%   4.2   11s
 239024 120264   32.00000   64   34   35.00000   23.00000  34.3%   4.1   15s
 322369 160799   33.00000   64   20   35.00000   23.00000  34.3%   4.1   20s
 412203 204271   23.00000   44   30   35.00000   23.00000  34.3%   4.1   25s
 492169 243459   24.00000   73   36   35.00000   23.00000  34.3%   4.2   30s
 571915 279080   23.00000   68   41   35.00000   23.00000  34.3%   4.2   35s
 660912 320103   34.00000   80   28   35.00000   23.00000  34.3%   4.2   40s
 739901 358547   29.00000   83   53   35.00000   23.00000  34.3%   4.2   45s
 819994 399444   31.00000   58   35   35.00000   23.00000  34.3%   4.2   50s
 924562 449457   32.00000   75   49   35.00000   23.00000  34.3%   4.2   55s
 1012776 495062   30.00000   54   43   35.00000   23.00000  34.3%   4.2   60s
 1101545 528165 infeasible   75        35.00000   23.00000  34.3%   4.2   65s
 1182625 549440   33.00000   72   48   35.00000   23.00000  34.3%   4.1   70s
 1256031 564623   25.05714   88   52   35.00000   23.00000  34.3%   4.1   75s
 1325307 579119   32.00000   80   23   35.00000   23.00000  34.3%   4.1   80s
 1397853 598686   23.00000   79  124   35.00000   23.00000  34.3%   4.1   85s
 1471119 620474   29.28571   89   64   35.00000   23.00000  34.3%   4.1   90s
 1569520 650981   28.00000   70   28   35.00000   23.00000  34.3%   4.1   95s
 1659334 679084   34.00000   80   32   35.00000   23.00000  34.3%   4.1  100s
 1735760 706909   23.00000   65   59   35.00000   23.00000  34.3%   4.1  105s
 1825907 736434   31.00000   76   45   35.00000   23.00000  34.3%   4.1  110s
 1911780 771340   32.00000   72   41   35.00000   23.00000  34.3%   4.1  115s
 1993511 802107 infeasible   71        35.00000   23.00000  34.3%   4.1  120s
 2065693 823898   27.00000   92   47   35.00000   23.00000  34.3%   4.1  125s
 2135080 844173 infeasible   80        35.00000   23.00000  34.3%   4.1  130s
 2228947 879511   23.00000   62   63   35.00000   23.00000  34.3%   4.1  135s
 2334256 914775   27.28571   67   57   35.00000   23.00000  34.3%   4.1  140s
 2426608 943990   23.00000   61   37   35.00000   23.00000  34.3%   4.1  145s
 2510593 976729   33.54545   82   36   35.00000   23.00000  34.3%   4.1  150s
 2584563 998673 infeasible   74        35.00000   23.00000  34.3%   4.1  155s
 2679287 1025397 infeasible   58        35.00000   23.00000  34.3%   4.1  160s
 2771462 1048215 infeasible   77        35.00000   23.00000  34.3%   4.0  165s
 2861740 1063112   27.76923   92   31   35.00000   23.00000  34.3%   4.0  170s
 2959752 1083489   26.00000   59   34   35.00000   23.00000  34.3%   4.0  175s
 3068133 1124537 infeasible   72        35.00000   23.00000  34.3%   4.0  180s
 3168239 1157783   33.00000   71   34   35.00000   23.00000  34.3%   4.0  185s
 3258511 1197833   23.16867   49   59   35.00000   23.00000  34.3%   4.0  190s
 3359850 1224591   23.28571   63   43   35.00000   23.00000  34.3%   4.0  195s
 3456469 1252661   32.00000   74   29   35.00000   23.00000  34.3%   4.0  200s
 3548817 1286167   23.03390   56   55   35.00000   23.00000  34.3%   4.0  205s
 3629227 1314004   33.00000   90   24   35.00000   23.00000  34.3%   4.0  210s
 3721769 1343058   23.00000   92   34   35.00000   23.00000  34.3%   4.0  215s
 3825607 1374963 infeasible   69        35.00000   23.00000  34.3%   3.9  220s
 3948848 1410058 infeasible   81        35.00000   23.00000  34.3%   3.9  225s
 4052348 1436761 infeasible   60        35.00000   23.00000  34.3%   3.9  230s
 4149443 1468626   32.00000   70   19   35.00000   23.00000  34.3%   3.9  235s
 4252478 1502128   31.00000   71   30   35.00000   23.00000  34.3%   3.8  240s
 4348550 1540761 infeasible   65        35.00000   23.00000  34.3%   3.8  245s
 4436168 1573033   24.00000   77   29   35.00000   23.00000  34.3%   3.8  250s
 4525032 1603592   31.00000   77   35   35.00000   23.00000  34.3%   3.8  255s
 4621724 1645559   33.00000   68   23   35.00000   23.00000  34.3%   3.8  260s
 4736262 1689251   33.00000   72   26   35.00000   23.00000  34.3%   3.8  265s
 4841694 1725243 infeasible  103        35.00000   23.00000  34.3%   3.8  270s
 4924922 1754901 infeasible   88        35.00000   23.00000  34.3%   3.8  275s
 5021280 1790057   32.00000   95   11   35.00000   23.00000  34.3%   3.8  280s
 5115428 1825143   34.00000   65   35   35.00000   23.00000  34.3%   3.8  285s
 5208489 1859367   28.00000   77   26   35.00000   23.00000  34.3%   3.8  290s
 5295983 1887251 infeasible  101        35.00000   23.00000  34.3%   3.8  295s
 5388065 1926557   32.00000   63   22   35.00000   23.00000  34.3%   3.8  300s
 5498395 1968683   31.00000   78   19   35.00000   23.00000  34.3%   3.8  305s
 5627897 2010569   34.00000   96   15   35.00000   23.00000  34.3%   3.8  310s
 5727772 2038607 infeasible   84        35.00000   23.00000  34.3%   3.8  315s
 5813933 2058717   23.33333   82   35   35.00000   23.00000  34.3%   3.8  320s
 5905425 2076953   23.00000   88   29   35.00000   23.00000  34.3%   3.8  325s
 5999671 2090594   33.00000  100   14   35.00000   23.00000  34.3%   3.8  330s
 6092686 2102546     cutoff   97        35.00000   23.00000  34.3%   3.8  335s
 6183031 2117814   33.00000   85   20   35.00000   23.00000  34.3%   3.7  340s
 6282600 2137528   33.00000   97   14   35.00000   23.00000  34.3%   3.7  345s
 6392399 2160476   33.00000   78   14   35.00000   23.00000  34.3%   3.7  350s
 6510546 2194585   23.00000   84   27   35.00000   23.00000  34.3%   3.7  355s
 6598169 2217202 infeasible   91        35.00000   23.00000  34.3%   3.7  360s
 6693641 2238978 infeasible   96        35.00000   23.00000  34.3%   3.7  365s
 6785778 2258774   34.00000   85   13   35.00000   23.00000  34.3%   3.7  370s
 6875408 2281782 infeasible   94        35.00000   23.00000  34.3%   3.7  375s
 6952032 2299680   32.00000   80   17   35.00000   23.00000  34.3%   3.7  380s
 7045428 2320410   31.00000   91   20   35.00000   23.00000  34.3%   3.7  385s
 7149564 2342543   34.00000   96    6   35.00000   23.00000  34.3%   3.7  390s
 7292058 2371518 infeasible   87        35.00000   23.00000  34.3%   3.7  395s
 7398989 2396068 infeasible   97        35.00000   23.00000  34.3%   3.7  400s
 7502839 2420919   34.00000   89   15   35.00000   23.00000  34.3%   3.7  405s
 7608674 2446903   29.00000  110   22   35.00000   23.00000  34.3%   3.7  410s
 7703471 2471737   31.00000   88   26   35.00000   23.00000  34.3%   3.7  415s
 7796423 2498641 infeasible   88        35.00000   23.00000  34.3%   3.7  420s
 7877972 2526058   24.00000   61   47   35.00000   23.00000  34.3%   3.7  425s
 7958174 2555606   31.00000   62   27   35.00000   23.00000  34.3%   3.7  430s
 8079184 2589400 infeasible   98        35.00000   23.00000  34.3%   3.7  435s
 8205901 2612578   32.00000   65   34   35.00000   23.00000  34.3%   3.6  440s
 8308268 2636638 infeasible   88        35.00000   23.00000  34.3%   3.6  445s
 8427190 2669498 infeasible   89        35.00000   23.00000  34.3%   3.6  450s
 8519488 2699669   32.00000   74   19   35.00000   23.00000  34.3%   3.6  455s
 8603315 2728497   24.00000   88   14   35.00000   23.00000  34.3%   3.6  460s
 8687208 2754417   34.00000   92   23   35.00000   23.00000  34.3%   3.6  465s
 8789429 2785514 infeasible   66        35.00000   23.00000  34.3%   3.6  470s
 8902728 2823827   29.00000  105   12   35.00000   23.00000  34.3%   3.6  475s
 9017231 2856540 infeasible   94        35.00000   23.00000  34.3%   3.6  480s
 9112226 2881593 infeasible   99        35.00000   23.00000  34.3%   3.6  485s
 9187384 2904502 infeasible   84        35.00000   23.00000  34.3%   3.6  490s
 9271049 2928259 infeasible   94        35.00000   23.00000  34.3%   3.6  495s
 9357686 2954094 infeasible   88        35.00000   23.00000  34.3%   3.6  500s
 9447871 2983266   23.00000   69   29   35.00000   23.00000  34.3%   3.6  505s
 9547823 3013600   28.00000  111   10   35.00000   23.00000  34.3%   3.6  510s
 9657119 3045660   23.00000   85   21   35.00000   23.00000  34.3%   3.6  515s
 9788817 3084505   23.00000   40   35   35.00000   23.00000  34.3%   3.6  520s
 9876751 3108195   30.00000   87   15   35.00000   23.00000  34.3%   3.6  525s
 9971661 3131595   27.00000   93   24   35.00000   23.00000  34.3%   3.6  530s
 10060912 3161459   34.00000   78   17   35.00000   23.00000  34.3%   3.6  535s
 10158761 3196364 infeasible   91        35.00000   23.00000  34.3%   3.6  540s
 10251885 3229742 infeasible  101        35.00000   23.00000  34.3%   3.6  545s
 10341896 3255191   33.00000  107   18   35.00000   23.00000  34.3%   3.6  550s
 10429923 3282310   23.00000   76   21   35.00000   23.00000  34.3%   3.5  555s
 10512444 3313563   23.00000   64   32   35.00000   23.00000  34.3%   3.5  560s
 10625052 3351297   23.00000   73   15   35.00000   23.00000  34.3%   3.5  565s
 10723705 3375897   30.00000   62   30   35.00000   23.00000  34.3%   3.5  570s
 10811524 3402816 infeasible   88        35.00000   23.00000  34.3%   3.5  575s
 10894459 3427530 infeasible   83        35.00000   23.00000  34.3%   3.5  580s
 10970892 3456380   33.00000   66   25   35.00000   23.00000  34.3%   3.5  585s
 11061469 3490543 infeasible   73        35.00000   23.00000  34.3%   3.5  590s
 11149240 3521750   33.00000   81   19   35.00000   23.00000  34.3%   3.5  595s
 11260953 3564868   23.52381   74   29   35.00000   23.00000  34.3%   3.5  600s
 11385754 3606232   31.00000  103   16   35.00000   23.00000  34.3%   3.5  605s
 11481192 3635179   31.00000  104   22   35.00000   23.00000  34.3%   3.5  610s
 11578175 3659517 infeasible  102        35.00000   23.00000  34.3%   3.5  615s
 11679887 3686788   23.00000   99   31   35.00000   23.00000  34.3%   3.5  620s
 11781375 3713218   32.00000   76   20   35.00000   23.00000  34.3%   3.5  625s
 11874660 3740152   31.00000   97   13   35.00000   23.00000  34.3%   3.5  630s
 11952958 3763885   23.00000   93   29   35.00000   23.00000  34.3%   3.5  635s
 12054928 3795328   31.00000   74   19   35.00000   23.00000  34.3%   3.5  640s
 12173413 3832164 infeasible   72        35.00000   23.00000  34.3%   3.5  645s
 12299674 3868677   25.00000   71   20   35.00000   23.00000  34.3%   3.5  650s
 12390723 3900110   31.00000   69   22   35.00000   23.00000  34.3%   3.5  655s
 12490227 3931316   32.00000   81   22   35.00000   23.00000  34.3%   3.5  660s
 12592589 3957221   32.00000   88   19   35.00000   23.00000  34.3%   3.5  665s
 12699814 3982216   33.00000   84   17   35.00000   23.00000  34.3%   3.5  670s
 12797588 4004788 infeasible   88        35.00000   23.00000  34.3%   3.5  675s
 12894952 4026439   31.00000   95   13   35.00000   23.00000  34.3%   3.5  680s
 12993614 4050762   31.00000  101   16   35.00000   23.00000  34.3%   3.5  685s
 13110562 4078754   31.00000   99   11   35.00000   23.00000  34.3%   3.5  690s
 13251533 4110573   23.00000   86   25   35.00000   23.00000  34.3%   3.5  695s
 13353138 4135964   32.00000   93   11   35.00000   23.00000  34.3%   3.5  700s
 13454590 4159666   23.00000   88   18   35.00000   23.00000  34.3%   3.5  705s
 13560364 4180275   25.00000   99   15   35.00000   23.00000  34.3%   3.5  710s
 13653836 4198938 infeasible   88        35.00000   23.00000  34.3%   3.5  715s
 13758165 4221922 infeasible   85        35.00000   23.00000  34.3%   3.5  720s
 13863593 4246360   27.00000   85   15   35.00000   23.00000  34.3%   3.5  725s
 13960012 4272060   33.00000  114    8   35.00000   23.00000  34.3%   3.5  730s
 14090041 4305366   26.00000   98   15   35.00000   23.00000  34.3%   3.5  735s
 14228813 4343375   23.00000   83   20   35.00000   23.00000  34.3%   3.6  740s
 14331605 4370394 infeasible  104        35.00000   23.00000  34.3%   3.6  745s
 14440137 4400015 infeasible   93        35.00000   23.00000  34.3%   3.6  750s
 14541848 4432134   26.00000   95   20   35.00000   23.00000  34.3%   3.6  755s
 14643167 4465034   33.00000   91   20   35.00000   23.00000  34.3%   3.6  760s
 14749203 4497257   33.00000   94    9   35.00000   23.00000  34.3%   3.6  765s
 14848169 4528973   31.00000   79   12   35.00000   23.00000  34.3%   3.6  770s
 14941931 4553991   23.00000   70   27   35.00000   23.00000  34.3%   3.6  775s
 15044669 4584957   26.00000   94   10   35.00000   23.00000  34.3%   3.6  780s
 15187503 4624400   25.00000   94   12   35.00000   23.00000  34.3%   3.6  785s
 15292891 4657366   34.00000   95   12   35.00000   23.00000  34.3%   3.6  790s
 15388773 4687506   23.00000   74   32   35.00000   23.00000  34.3%   3.6  795s
 15478878 4714157   23.00000   67   41   35.00000   23.00000  34.3%   3.6  800s
 15577763 4743690   34.00000   93   23   35.00000   23.00000  34.3%   3.6  805s
 15679062 4771485 infeasible   91        35.00000   23.00000  34.3%   3.6  810s
 15784284 4800373   23.00000   80   21   35.00000   23.00000  34.3%   3.6  815s
 15887487 4834511   23.00000   75   23   35.00000   23.00000  34.3%   3.6  820s
 16018764 4873166 infeasible   78        35.00000   23.00000  34.3%   3.6  825s
 16135019 4902545   33.00000  104   12   35.00000   23.00000  34.3%   3.6  830s
 16236533 4926885 infeasible   96        35.00000   23.00000  34.3%   3.6  835s
 16329424 4953997     cutoff   92        35.00000   23.00000  34.3%   3.6  840s
 16423320 4983965 infeasible   73        35.00000   23.00000  34.3%   3.6  845s
 16498505 5006887   30.00000   77   26   35.00000   23.00000  34.3%   3.6  850s
 16597012 5037095   25.00000   67   12   35.00000   23.00000  34.3%   3.6  855s
 16685562 5061877   32.00000   79   38   35.00000   23.00000  34.3%   3.6  860s
 16775039 5083692   27.91667   97   27   35.00000   23.00000  34.3%   3.6  865s
 16901263 5115356   27.00000   81   19   35.00000   23.00000  34.3%   3.6  870s
 17013786 5148866   31.00000   83   15   35.00000   23.00000  34.3%   3.6  875s
 17119276 5185271   33.00000   60   18   35.00000   23.00000  34.3%   3.6  880s
 17221678 5218509 infeasible   80        35.00000   23.00000  34.3%   3.6  885s
 17326656 5243701 infeasible   78        35.00000   23.00000  34.3%   3.6  890s
 17424623 5274315   27.00000   76   21   35.00000   23.00000  34.3%   3.6  895s
 17513425 5298597 infeasible   68        35.00000   23.00000  34.3%   3.6  900s

Explored 17515722 nodes (62848885 simplex iterations) in 900.01 seconds
Thread count was 14 (of 56 available processors)

Solution count 10: 35 35 36 ... 47

Time limit reached
Best objective 3.499999999640e+01, best bound 2.300000000000e+01, gap 34.2857%
